Flow report for usbtomipi
Wed Feb 17 10:19:43 2016
Quartus Prime Version 15.1.0 Build 185 10/21/2015 SJ Standard Edition


---------------------
; Table of Contents ;
---------------------
  1. Legal Notice
  2. Flow Summary
  3. Flow Settings
  4. Flow Non-Default Global Settings
  5. Flow Elapsed Time
  6. Flow OS Summary
  7. Flow Log
  8. Flow Messages
  9. Flow Suppressed Messages



----------------
; Legal Notice ;
----------------
Copyright (C) 1991-2015 Altera Corporation. All rights reserved.
Your use of Altera Corporation's design tools, logic functions 
and other software and tools, and its AMPP partner logic 
functions, and any output files from any of the foregoing 
(including device programming or simulation files), and any 
associated documentation or information are expressly subject 
to the terms and conditions of the Altera Program License 
Subscription Agreement, the Altera Quartus Prime License Agreement,
the Altera MegaCore Function License Agreement, or other 
applicable license agreement, including, without limitation, 
that your use is for the sole purpose of programming logic 
devices manufactured by Altera and sold by Altera or its 
authorized distributors.  Please refer to the applicable 
agreement for further details.



+--------------------------------------------------------------------------------------+
; Flow Summary                                                                         ;
+------------------------------------+-------------------------------------------------+
; Flow Status                        ; Successful - Wed Feb 17 10:19:29 2016           ;
; Quartus Prime Version              ; 15.1.0 Build 185 10/21/2015 SJ Standard Edition ;
; Revision Name                      ; usbtomipi                                       ;
; Top-level Entity Name              ; top                                             ;
; Family                             ; Cyclone IV E                                    ;
; Device                             ; EP4CE10F17C8                                    ;
; Timing Models                      ; Final                                           ;
; Total logic elements               ; 1,989 / 10,320 ( 19 % )                         ;
;     Total combinational functions  ; 1,498 / 10,320 ( 15 % )                         ;
;     Dedicated logic registers      ; 1,360 / 10,320 ( 13 % )                         ;
; Total registers                    ; 1360                                            ;
; Total pins                         ; 69 / 180 ( 38 % )                               ;
; Total virtual pins                 ; 0                                               ;
; Total memory bits                  ; 36,096 / 423,936 ( 9 % )                        ;
; Embedded Multiplier 9-bit elements ; 0 / 46 ( 0 % )                                  ;
; Total PLLs                         ; 2 / 2 ( 100 % )                                 ;
+------------------------------------+-------------------------------------------------+


+-----------------------------------------+
; Flow Settings                           ;
+-------------------+---------------------+
; Option            ; Setting             ;
+-------------------+---------------------+
; Start date & time ; 02/17/2016 10:17:56 ;
; Main task         ; Compilation         ;
; Revision Name     ; usbtomipi           ;
+-------------------+---------------------+


+---------------------------------------------------------------------------------------------------------------------------------------------------------------------------------------------------------------+
; Flow Non-Default Global Settings                                                                                                                                                                              ;
+-------------------------------------+------------------------------------------------------------------------------------------------------------------------------+---------------+-------------+------------+
; Assignment Name                     ; Value                                                                                                                        ; Default Value ; Entity Name ; Section Id ;
+-------------------------------------+------------------------------------------------------------------------------------------------------------------------------+---------------+-------------+------------+
; COMPILER_SIGNATURE_ID               ; 52243850858.145567547600780                                                                                                  ; --            ; --          ; --         ;
; ENABLE_SIGNALTAP                    ; On                                                                                                                           ; --            ; --          ; --         ;
; MAX_CORE_JUNCTION_TEMP              ; 85                                                                                                                           ; --            ; --          ; --         ;
; MIN_CORE_JUNCTION_TEMP              ; 0                                                                                                                            ; --            ; --          ; --         ;
; MISC_FILE                           ; ../src/core/clk_gen_inst.v                                                                                                   ; --            ; --          ; --         ;
; MISC_FILE                           ; ../src/core/clk_gen.ppf                                                                                                      ; --            ; --          ; --         ;
; MISC_FILE                           ; ../src/core/mipi_clkpll_inst.v                                                                                               ; --            ; --          ; --         ;
; MISC_FILE                           ; ../src/core/mipi_clkpll.ppf                                                                                                  ; --            ; --          ; --         ;
; OUTPUT_IO_TIMING_FAR_END_VMEAS      ; Half Signal Swing                                                                                                            ; --            ; --          ; --         ;
; OUTPUT_IO_TIMING_FAR_END_VMEAS      ; Half Signal Swing                                                                                                            ; --            ; --          ; --         ;
; OUTPUT_IO_TIMING_NEAR_END_VMEAS     ; Half Vccio                                                                                                                   ; --            ; --          ; --         ;
; OUTPUT_IO_TIMING_NEAR_END_VMEAS     ; Half Vccio                                                                                                                   ; --            ; --          ; --         ;
; PARTITION_COLOR                     ; 16764057                                                                                                                     ; --            ; top         ; Top        ;
; PARTITION_FITTER_PRESERVATION_LEVEL ; PLACEMENT_AND_ROUTING                                                                                                        ; --            ; top         ; Top        ;
; PARTITION_NETLIST_TYPE              ; SOURCE                                                                                                                       ; --            ; top         ; Top        ;
; POWER_BOARD_THERMAL_MODEL           ; None (CONSERVATIVE)                                                                                                          ; --            ; --          ; --         ;
; POWER_PRESET_COOLING_SOLUTION       ; 23 MM HEAT SINK WITH 200 LFPM AIRFLOW                                                                                        ; --            ; --          ; --         ;
; PROJECT_OUTPUT_DIRECTORY            ; output_files                                                                                                                 ; --            ; --          ; --         ;
; SLD_FILE                            ; db/usb_dt_auto_stripped.stp                                                                                                  ; --            ; --          ; --         ;
; SLD_NODE_CREATOR_ID                 ; 110                                                                                                                          ; --            ; --          ; usb        ;
; SLD_NODE_ENTITY_NAME                ; sld_signaltap                                                                                                                ; --            ; --          ; usb        ;
; SLD_NODE_PARAMETER_ASSIGNMENT       ; SLD_RAM_BLOCK_TYPE=AUTO                                                                                                      ; --            ; --          ; usb        ;
; SLD_NODE_PARAMETER_ASSIGNMENT       ; SLD_NODE_INFO=805334528                                                                                                      ; --            ; --          ; usb        ;
; SLD_NODE_PARAMETER_ASSIGNMENT       ; SLD_POWER_UP_TRIGGER=0                                                                                                       ; --            ; --          ; usb        ;
; SLD_NODE_PARAMETER_ASSIGNMENT       ; SLD_STORAGE_QUALIFIER_INVERSION_MASK_LENGTH=0                                                                                ; --            ; --          ; usb        ;
; SLD_NODE_PARAMETER_ASSIGNMENT       ; SLD_ATTRIBUTE_MEM_MODE=OFF                                                                                                   ; --            ; --          ; usb        ;
; SLD_NODE_PARAMETER_ASSIGNMENT       ; SLD_STATE_FLOW_USE_GENERATED=0                                                                                               ; --            ; --          ; usb        ;
; SLD_NODE_PARAMETER_ASSIGNMENT       ; SLD_STATE_BITS=11                                                                                                            ; --            ; --          ; usb        ;
; SLD_NODE_PARAMETER_ASSIGNMENT       ; SLD_BUFFER_FULL_STOP=1                                                                                                       ; --            ; --          ; usb        ;
; SLD_NODE_PARAMETER_ASSIGNMENT       ; SLD_CURRENT_RESOURCE_WIDTH=1                                                                                                 ; --            ; --          ; usb        ;
; SLD_NODE_PARAMETER_ASSIGNMENT       ; SLD_INCREMENTAL_ROUTING=1                                                                                                    ; --            ; --          ; usb        ;
; SLD_NODE_PARAMETER_ASSIGNMENT       ; SLD_TRIGGER_LEVEL=1                                                                                                          ; --            ; --          ; usb        ;
; SLD_NODE_PARAMETER_ASSIGNMENT       ; SLD_TRIGGER_IN_ENABLED=0                                                                                                     ; --            ; --          ; usb        ;
; SLD_NODE_PARAMETER_ASSIGNMENT       ; SLD_ADVANCED_TRIGGER_ENTITY=basic,1,                                                                                         ; --            ; --          ; usb        ;
; SLD_NODE_PARAMETER_ASSIGNMENT       ; SLD_TRIGGER_LEVEL_PIPELINE=1                                                                                                 ; --            ; --          ; usb        ;
; SLD_NODE_PARAMETER_ASSIGNMENT       ; SLD_ENABLE_ADVANCED_TRIGGER=0                                                                                                ; --            ; --          ; usb        ;
; SLD_NODE_PARAMETER_ASSIGNMENT       ; SLD_SEGMENT_SIZE=1024                                                                                                        ; --            ; --          ; usb        ;
; SLD_NODE_PARAMETER_ASSIGNMENT       ; SLD_SAMPLE_DEPTH=1024                                                                                                        ; --            ; --          ; usb        ;
; SLD_NODE_PARAMETER_ASSIGNMENT       ; SLD_DATA_BITS=27                                                                                                             ; --            ; --          ; usb        ;
; SLD_NODE_PARAMETER_ASSIGNMENT       ; SLD_TRIGGER_BITS=27                                                                                                          ; --            ; --          ; usb        ;
; SLD_NODE_PARAMETER_ASSIGNMENT       ; SLD_STORAGE_QUALIFIER_BITS=27                                                                                                ; --            ; --          ; usb        ;
; SLD_NODE_PARAMETER_ASSIGNMENT       ; SLD_INVERSION_MASK=000000000000000000000000000000000000000000000000000000000000000000000000000000000000000000000000000000000 ; --            ; --          ; usb        ;
; SLD_NODE_PARAMETER_ASSIGNMENT       ; SLD_INVERSION_MASK_LENGTH=105                                                                                                ; --            ; --          ; usb        ;
; TOP_LEVEL_ENTITY                    ; top                                                                                                                          ; usbtomipi     ; --          ; --         ;
; USE_SIGNALTAP_FILE                  ; ../stp/usb_dt.stp                                                                                                            ; --            ; --          ; --         ;
+-------------------------------------+------------------------------------------------------------------------------------------------------------------------------+---------------+-------------+------------+


+-------------------------------------------------------------------------------------------------------------------------------+
; Flow Elapsed Time                                                                                                             ;
+---------------------------+--------------+-------------------------+---------------------+------------------------------------+
; Module Name               ; Elapsed Time ; Average Processors Used ; Peak Virtual Memory ; Total CPU Time (on all processors) ;
+---------------------------+--------------+-------------------------+---------------------+------------------------------------+
; Analysis & Synthesis      ; 00:00:55     ; 1.0                     ; 913 MB              ; 00:01:12                           ;
; Fitter                    ; 00:00:22     ; 1.0                     ; 1422 MB             ; 00:00:21                           ;
; Assembler                 ; 00:00:03     ; 1.0                     ; 736 MB              ; 00:00:02                           ;
; TimeQuest Timing Analyzer ; 00:00:09     ; 1.0                     ; 840 MB              ; 00:00:08                           ;
; Total                     ; 00:01:29     ; --                      ; --                  ; 00:01:43                           ;
+---------------------------+--------------+-------------------------+---------------------+------------------------------------+


+----------------------------------------------------------------------------------------+
; Flow OS Summary                                                                        ;
+---------------------------+------------------+-----------+------------+----------------+
; Module Name               ; Machine Hostname ; OS Name   ; OS Version ; Processor type ;
+---------------------------+------------------+-----------+------------+----------------+
; Analysis & Synthesis      ; HWorks           ; Windows 8 ; 6.2        ; x86_64         ;
; Fitter                    ; HWorks           ; Windows 8 ; 6.2        ; x86_64         ;
; Assembler                 ; HWorks           ; Windows 8 ; 6.2        ; x86_64         ;
; TimeQuest Timing Analyzer ; HWorks           ; Windows 8 ; 6.2        ; x86_64         ;
+---------------------------+------------------+-----------+------------+----------------+


------------
; Flow Log ;
------------
quartus_map --read_settings_files=on --write_settings_files=off usbtomipi -c usbtomipi
quartus_fit --read_settings_files=off --write_settings_files=off usbtomipi -c usbtomipi
quartus_asm --read_settings_files=off --write_settings_files=off usbtomipi -c usbtomipi
quartus_sta usbtomipi -c usbtomipi



